[debug] [2023-02-22T23:50:22.073Z] ----------------------------------------------------------------------
[debug] [2023-02-22T23:50:22.075Z] Command:       D:\nodejs\node.exe C:\Users\admin\AppData\Roaming\npm\node_modules\firebase-tools\lib\bin\firebase.js init
[debug] [2023-02-22T23:50:22.076Z] CLI Version:   11.23.1
[debug] [2023-02-22T23:50:22.076Z] Platform:      win32
[debug] [2023-02-22T23:50:22.076Z] Node Version:  v18.12.1
[debug] [2023-02-22T23:50:22.077Z] Time:          Thu Feb 23 2023 05:50:22 GMT+0600 (Восточный Казахстан)
[debug] [2023-02-22T23:50:22.077Z] ----------------------------------------------------------------------
[debug] 
[debug] [2023-02-22T23:50:22.080Z] >>> [apiv2][query] GET https://firebase-public.firebaseio.com/cli.json [none]
[debug] [2023-02-22T23:50:22.127Z] > command requires scopes: ["email","openid","https://www.googleapis.com/auth/cloudplatformprojects.readonly","https://www.googleapis.com/auth/firebase","https://www.googleapis.com/auth/cloud-platform"]
[debug] [2023-02-22T23:50:22.127Z] > authorizing via signed-in user (akmaral.abdylmanap@gmail.com)
[info] 
     ######## #### ########  ######## ########     ###     ######  ########
     ##        ##  ##     ## ##       ##     ##  ##   ##  ##       ##
     ######    ##  ########  ######   ########  #########  ######  ######
     ##        ##  ##    ##  ##       ##     ## ##     ##       ## ##
     ##       #### ##     ## ######## ########  ##     ##  ######  ########

You're about to initialize a Firebase project in this directory:

  C:\Users\admin\Desktop\fullstack_hackathon

[debug] [2023-02-22T23:50:22.793Z] <<< [apiv2][status] GET https://firebase-public.firebaseio.com/cli.json 200
[debug] [2023-02-22T23:50:22.794Z] <<< [apiv2][body] GET https://firebase-public.firebaseio.com/cli.json {"cloudBuildErrorAfter":1594252800000,"cloudBuildWarnAfter":1590019200000,"defaultNode10After":1594252800000,"minVersion":"3.0.5","node8DeploysDisabledAfter":1613390400000,"node8RuntimeDisabledAfter":1615809600000,"node8WarnAfter":1600128000000}
